Flow report for single_path_risc_architecture
Wed Nov 13 13:15:32 2024
Quartus Prime Version 20.1.1 Build 720 11/11/2020 SJ Lite Edition


---------------------
; Table of Contents ;
---------------------
  1. Legal Notice
  2. Flow Summary
  3. Flow Settings
  4. Flow Non-Default Global Settings
  5. Flow Elapsed Time
  6. Flow OS Summary
  7. Flow Log
  8. Flow Messages
  9. Flow Suppressed Messages



----------------
; Legal Notice ;
----------------
Copyright (C) 2020  Intel Corporation. All rights reserved.
Your use of Intel Corporation's design tools, logic functions 
and other software and tools, and any partner logic 
functions, and any output files from any of the foregoing 
(including device programming or simulation files), and any 
associated documentation or information are expressly subject 
to the terms and conditions of the Intel Program License 
Subscription Agreement, the Intel Quartus Prime License Agreement,
the Intel FPGA IP License Agreement, or other applicable license
agreement, including, without limitation, that your use is for
the sole purpose of programming logic devices manufactured by
Intel and sold by Intel or its authorized distributors.  Please
refer to the applicable agreement for further details, at
https://fpgasoftware.intel.com/eula.



+----------------------------------------------------------------------------------+
; Flow Summary                                                                     ;
+------------------------------------+---------------------------------------------+
; Flow Status                        ; Successful - Wed Nov 13 13:15:32 2024       ;
; Quartus Prime Version              ; 20.1.1 Build 720 11/11/2020 SJ Lite Edition ;
; Revision Name                      ; single_path_risc_architecture               ;
; Top-level Entity Name              ; top                                         ;
; Family                             ; Cyclone IV E                                ;
; Device                             ; EP4CE115F29C7                               ;
; Timing Models                      ; Final                                       ;
; Total logic elements               ; 193 / 114,480 ( < 1 % )                     ;
;     Total combinational functions  ; 167 / 114,480 ( < 1 % )                     ;
;     Dedicated logic registers      ; 98 / 114,480 ( < 1 % )                      ;
; Total registers                    ; 98                                          ;
; Total pins                         ; 139 / 529 ( 26 % )                          ;
; Total virtual pins                 ; 0                                           ;
; Total memory bits                  ; 0 / 3,981,312 ( 0 % )                       ;
; Embedded Multiplier 9-bit elements ; 0 / 532 ( 0 % )                             ;
; Total PLLs                         ; 0 / 4 ( 0 % )                               ;
+------------------------------------+---------------------------------------------+


+---------------------------------------------------+
; Flow Settings                                     ;
+-------------------+-------------------------------+
; Option            ; Setting                       ;
+-------------------+-------------------------------+
; Start date & time ; 11/13/2024 13:14:52           ;
; Main task         ; Compilation                   ;
; Revision Name     ; single_path_risc_architecture ;
+-------------------+-------------------------------+


+----------------------------------------------------------------------------------------------------------------------------------------------+
; Flow Non-Default Global Settings                                                                                                             ;
+--------------------------------------+----------------------------------------+-------------------------------+-------------+----------------+
; Assignment Name                      ; Value                                  ; Default Value                 ; Entity Name ; Section Id     ;
+--------------------------------------+----------------------------------------+-------------------------------+-------------+----------------+
; COMPILER_SIGNATURE_ID                ; 4930999331098.173152169218292          ; --                            ; --          ; --             ;
; EDA_DESIGN_INSTANCE_NAME             ; NA                                     ; --                            ; --          ; testbench_top  ;
; EDA_NATIVELINK_SIMULATION_TEST_BENCH ; testbench_top                          ; --                            ; --          ; eda_simulation ;
; EDA_OUTPUT_DATA_FORMAT               ; None                                   ; --                            ; --          ; eda_simulation ;
; EDA_TEST_BENCH_ENABLE_STATUS         ; TEST_BENCH_MODE                        ; --                            ; --          ; eda_simulation ;
; EDA_TEST_BENCH_FILE                  ; testbench_top.sv                       ; --                            ; --          ; testbench_top  ;
; EDA_TEST_BENCH_MODULE_NAME           ; testbench_top                          ; --                            ; --          ; testbench_top  ;
; EDA_TEST_BENCH_NAME                  ; testbench_top                          ; --                            ; --          ; eda_simulation ;
; EDA_TIME_SCALE                       ; 1 ps                                   ; --                            ; --          ; eda_simulation ;
; MAX_CORE_JUNCTION_TEMP               ; 85                                     ; --                            ; --          ; --             ;
; MIN_CORE_JUNCTION_TEMP               ; 0                                      ; --                            ; --          ; --             ;
; NOMINAL_CORE_SUPPLY_VOLTAGE          ; 1.2V                                   ; --                            ; --          ; --             ;
; PARTITION_COLOR                      ; -- (Not supported for targeted family) ; --                            ; top         ; Top            ;
; PARTITION_FITTER_PRESERVATION_LEVEL  ; -- (Not supported for targeted family) ; --                            ; top         ; Top            ;
; PARTITION_NETLIST_TYPE               ; -- (Not supported for targeted family) ; --                            ; top         ; Top            ;
; POWER_BOARD_THERMAL_MODEL            ; None (CONSERVATIVE)                    ; --                            ; --          ; --             ;
; POWER_PRESET_COOLING_SOLUTION        ; 23 MM HEAT SINK WITH 200 LFPM AIRFLOW  ; --                            ; --          ; --             ;
; PROJECT_OUTPUT_DIRECTORY             ; output_files                           ; --                            ; --          ; --             ;
; TOP_LEVEL_ENTITY                     ; top                                    ; single_path_risc_architecture ; --          ; --             ;
+--------------------------------------+----------------------------------------+-------------------------------+-------------+----------------+


+--------------------------------------------------------------------------------------------------------------------------+
; Flow Elapsed Time                                                                                                        ;
+----------------------+--------------+-------------------------+---------------------+------------------------------------+
; Module Name          ; Elapsed Time ; Average Processors Used ; Peak Virtual Memory ; Total CPU Time (on all processors) ;
+----------------------+--------------+-------------------------+---------------------+------------------------------------+
; Analysis & Synthesis ; 00:00:05     ; 1.0                     ; 4841 MB             ; 00:00:04                           ;
; Fitter               ; 00:00:11     ; 1.0                     ; 6701 MB             ; 00:00:10                           ;
; Assembler            ; 00:00:02     ; 1.0                     ; 4693 MB             ; 00:00:02                           ;
; Timing Analyzer      ; 00:00:01     ; 1.1                     ; 4993 MB             ; 00:00:01                           ;
; EDA Netlist Writer   ; 00:00:00     ; 1.0                     ; 4642 MB             ; 00:00:00                           ;
; EDA Netlist Writer   ; 00:00:00     ; 1.0                     ; 4651 MB             ; 00:00:00                           ;
; Total                ; 00:00:19     ; --                      ; --                  ; 00:00:17                           ;
+----------------------+--------------+-------------------------+---------------------+------------------------------------+


+------------------------------------------------------------------------------------+
; Flow OS Summary                                                                    ;
+----------------------+------------------+------------+------------+----------------+
; Module Name          ; Machine Hostname ; OS Name    ; OS Version ; Processor type ;
+----------------------+------------------+------------+------------+----------------+
; Analysis & Synthesis ; DESKTOP-02TEQ3D  ; Windows 10 ; 10.0       ; x86_64         ;
; Fitter               ; DESKTOP-02TEQ3D  ; Windows 10 ; 10.0       ; x86_64         ;
; Assembler            ; DESKTOP-02TEQ3D  ; Windows 10 ; 10.0       ; x86_64         ;
; Timing Analyzer      ; DESKTOP-02TEQ3D  ; Windows 10 ; 10.0       ; x86_64         ;
; EDA Netlist Writer   ; DESKTOP-02TEQ3D  ; Windows 10 ; 10.0       ; x86_64         ;
; EDA Netlist Writer   ; DESKTOP-02TEQ3D  ; Windows 10 ; 10.0       ; x86_64         ;
+----------------------+------------------+------------+------------+----------------+


------------
; Flow Log ;
------------
quartus_map --read_settings_files=on --write_settings_files=off single_path_risc_architecture -c single_path_risc_architecture
quartus_fit --read_settings_files=off --write_settings_files=off single_path_risc_architecture -c single_path_risc_architecture
quartus_asm --read_settings_files=off --write_settings_files=off single_path_risc_architecture -c single_path_risc_architecture
quartus_sta single_path_risc_architecture -c single_path_risc_architecture
quartus_eda --gen_testbench --tool=modelsim_oem --format=verilog --write_settings_files=off single_path_risc_architecture -c single_path_risc_architecture --vector_source="C:/Users/Prashanth/Desktop/DSD Labs/DSD-Labs-Fall-2024/Lab6/waveform_top.vwf" --testbench_file="C:/Users/Prashanth/Desktop/DSD Labs/DSD-Labs-Fall-2024/Lab6/simulation/qsim/waveform_top.vwf.vt"
quartus_eda --write_settings_files=off --simulation=on --functional=on --flatten_buses=off --tool=modelsim_oem --format=verilog --output_directory="C:/Users/Prashanth/Desktop/DSD Labs/DSD-Labs-Fall-2024/Lab6/simulation/qsim/" single_path_risc_architecture -c single_path_risc_architecture



