Flow report for lab05_pb
Thu Oct 17 20:57:06 2024
Quartus Prime Version 20.1.1 Build 720 11/11/2020 SJ Lite Edition


---------------------
; Table of Contents ;
---------------------
  1. Legal Notice
  2. Flow Summary
  3. Flow Settings
  4. Flow Non-Default Global Settings
  5. Flow Elapsed Time
  6. Flow OS Summary
  7. Flow Log
  8. Flow Messages
  9. Flow Suppressed Messages



----------------
; Legal Notice ;
----------------
Copyright (C) 2020  Intel Corporation. All rights reserved.
Your use of Intel Corporation's design tools, logic functions 
and other software and tools, and any partner logic 
functions, and any output files from any of the foregoing 
(including device programming or simulation files), and any 
associated documentation or information are expressly subject 
to the terms and conditions of the Intel Program License 
Subscription Agreement, the Intel Quartus Prime License Agreement,
the Intel FPGA IP License Agreement, or other applicable license
agreement, including, without limitation, that your use is for
the sole purpose of programming logic devices manufactured by
Intel and sold by Intel or its authorized distributors.  Please
refer to the applicable agreement for further details, at
https://fpgasoftware.intel.com/eula.



+----------------------------------------------------------------------------------+
; Flow Summary                                                                     ;
+------------------------------------+---------------------------------------------+
; Flow Status                        ; Successful - Thu Oct 17 20:57:06 2024       ;
; Quartus Prime Version              ; 20.1.1 Build 720 11/11/2020 SJ Lite Edition ;
; Revision Name                      ; lab05_pb                                    ;
; Top-level Entity Name              ; game                                        ;
; Family                             ; Cyclone IV E                                ;
; Device                             ; EP4CE115F29C7                               ;
; Timing Models                      ; Final                                       ;
; Total logic elements               ; 43 / 114,480 ( < 1 % )                      ;
;     Total combinational functions  ; 43 / 114,480 ( < 1 % )                      ;
;     Dedicated logic registers      ; 8 / 114,480 ( < 1 % )                       ;
; Total registers                    ; 8                                           ;
; Total pins                         ; 17 / 529 ( 3 % )                            ;
; Total virtual pins                 ; 0                                           ;
; Total memory bits                  ; 0 / 3,981,312 ( 0 % )                       ;
; Embedded Multiplier 9-bit elements ; 0 / 532 ( 0 % )                             ;
; Total PLLs                         ; 0 / 4 ( 0 % )                               ;
+------------------------------------+---------------------------------------------+


+-----------------------------------------+
; Flow Settings                           ;
+-------------------+---------------------+
; Option            ; Setting             ;
+-------------------+---------------------+
; Start date & time ; 10/16/2024 10:32:59 ;
; Main task         ; Compilation         ;
; Revision Name     ; lab05_pb            ;
+-------------------+---------------------+


+-------------------------------------------------------------------------------------------------------------------------+
; Flow Non-Default Global Settings                                                                                        ;
+-------------------------------------+----------------------------------------+---------------+-------------+------------+
; Assignment Name                     ; Value                                  ; Default Value ; Entity Name ; Section Id ;
+-------------------------------------+----------------------------------------+---------------+-------------+------------+
; COMPILER_SIGNATURE_ID               ; 266796203766803.172908917907380        ; --            ; --          ; --         ;
; MAX_CORE_JUNCTION_TEMP              ; 85                                     ; --            ; --          ; --         ;
; MIN_CORE_JUNCTION_TEMP              ; 0                                      ; --            ; --          ; --         ;
; NOMINAL_CORE_SUPPLY_VOLTAGE         ; 1.2V                                   ; --            ; --          ; --         ;
; PARTITION_COLOR                     ; -- (Not supported for targeted family) ; --            ; game        ; Top        ;
; PARTITION_FITTER_PRESERVATION_LEVEL ; -- (Not supported for targeted family) ; --            ; game        ; Top        ;
; PARTITION_NETLIST_TYPE              ; -- (Not supported for targeted family) ; --            ; game        ; Top        ;
; PROJECT_OUTPUT_DIRECTORY            ; output_files                           ; --            ; --          ; --         ;
; TOP_LEVEL_ENTITY                    ; game                                   ; lab05_pb      ; --          ; --         ;
+-------------------------------------+----------------------------------------+---------------+-------------+------------+


+--------------------------------------------------------------------------------------------------------------------------+
; Flow Elapsed Time                                                                                                        ;
+----------------------+--------------+-------------------------+---------------------+------------------------------------+
; Module Name          ; Elapsed Time ; Average Processors Used ; Peak Virtual Memory ; Total CPU Time (on all processors) ;
+----------------------+--------------+-------------------------+---------------------+------------------------------------+
; Analysis & Synthesis ; 00:00:04     ; 1.0                     ; 4835 MB             ; 00:00:04                           ;
; Fitter               ; 00:00:09     ; 1.0                     ; 6688 MB             ; 00:00:07                           ;
; Assembler            ; 00:00:02     ; 1.0                     ; 4693 MB             ; 00:00:02                           ;
; Timing Analyzer      ; 00:00:00     ; 1.0                     ; 4986 MB             ; 00:00:01                           ;
; EDA Netlist Writer   ; 00:00:01     ; 1.0                     ; 4638 MB             ; 00:00:00                           ;
; EDA Netlist Writer   ; 00:00:00     ; 1.0                     ; 4647 MB             ; 00:00:00                           ;
; EDA Netlist Writer   ; 00:00:00     ; 1.0                     ; 4638 MB             ; 00:00:00                           ;
; EDA Netlist Writer   ; 00:00:00     ; 1.0                     ; 4647 MB             ; 00:00:00                           ;
; EDA Netlist Writer   ; 00:00:00     ; 1.0                     ; 4638 MB             ; 00:00:00                           ;
; EDA Netlist Writer   ; 00:00:00     ; 1.0                     ; 4647 MB             ; 00:00:00                           ;
; EDA Netlist Writer   ; 00:00:00     ; 1.0                     ; 4638 MB             ; 00:00:00                           ;
; EDA Netlist Writer   ; 00:00:00     ; 1.0                     ; 4647 MB             ; 00:00:00                           ;
; Total                ; 00:00:16     ; --                      ; --                  ; 00:00:14                           ;
+----------------------+--------------+-------------------------+---------------------+------------------------------------+


+------------------------------------------------------------------------------------+
; Flow OS Summary                                                                    ;
+----------------------+------------------+------------+------------+----------------+
; Module Name          ; Machine Hostname ; OS Name    ; OS Version ; Processor type ;
+----------------------+------------------+------------+------------+----------------+
; Analysis & Synthesis ; DESKTOP-02TEQ3D  ; Windows 10 ; 10.0       ; x86_64         ;
; Fitter               ; DESKTOP-02TEQ3D  ; Windows 10 ; 10.0       ; x86_64         ;
; Assembler            ; DESKTOP-02TEQ3D  ; Windows 10 ; 10.0       ; x86_64         ;
; Timing Analyzer      ; DESKTOP-02TEQ3D  ; Windows 10 ; 10.0       ; x86_64         ;
; EDA Netlist Writer   ; DESKTOP-02TEQ3D  ; Windows 10 ; 10.0       ; x86_64         ;
; EDA Netlist Writer   ; DESKTOP-02TEQ3D  ; Windows 10 ; 10.0       ; x86_64         ;
; EDA Netlist Writer   ; DESKTOP-02TEQ3D  ; Windows 10 ; 10.0       ; x86_64         ;
; EDA Netlist Writer   ; DESKTOP-02TEQ3D  ; Windows 10 ; 10.0       ; x86_64         ;
; EDA Netlist Writer   ; DESKTOP-02TEQ3D  ; Windows 10 ; 10.0       ; x86_64         ;
; EDA Netlist Writer   ; DESKTOP-02TEQ3D  ; Windows 10 ; 10.0       ; x86_64         ;
; EDA Netlist Writer   ; DESKTOP-02TEQ3D  ; Windows 10 ; 10.0       ; x86_64         ;
; EDA Netlist Writer   ; DESKTOP-02TEQ3D  ; Windows 10 ; 10.0       ; x86_64         ;
+----------------------+------------------+------------+------------+----------------+


------------
; Flow Log ;
------------
quartus_map --read_settings_files=on --write_settings_files=off lab05_pb -c lab05_pb
quartus_fit --read_settings_files=off --write_settings_files=off lab05_pb -c lab05_pb
quartus_asm --read_settings_files=off --write_settings_files=off lab05_pb -c lab05_pb
quartus_sta lab05_pb -c lab05_pb
quartus_eda --gen_testbench --tool=modelsim_oem --format=verilog --write_settings_files=off lab05_pb -c lab05_pb --vector_source="C:/Users/Prashanth/Desktop/DSD Labs/DSD-Labs-Fall-2024/Lab5/loseWaveform.vwf" --testbench_file="C:/Users/Prashanth/Desktop/DSD Labs/DSD-Labs-Fall-2024/Lab5/simulation/qsim/loseWaveform.vwf.vt"
quartus_eda --write_settings_files=off --simulation=on --functional=on --flatten_buses=off --tool=modelsim_oem --format=verilog --output_directory="C:/Users/Prashanth/Desktop/DSD Labs/DSD-Labs-Fall-2024/Lab5/simulation/qsim/" lab05_pb -c lab05_pb
quartus_eda --gen_testbench --tool=modelsim_oem --format=verilog --write_settings_files=off lab05_pb -c lab05_pb --vector_source="C:/Users/Prashanth/Desktop/DSD Labs/DSD-Labs-Fall-2024/Lab5/winWaveform.vwf" --testbench_file="C:/Users/Prashanth/Desktop/DSD Labs/DSD-Labs-Fall-2024/Lab5/simulation/qsim/winWaveform.vwf.vt"
quartus_eda --write_settings_files=off --simulation=on --functional=on --flatten_buses=off --tool=modelsim_oem --format=verilog --output_directory="C:/Users/Prashanth/Desktop/DSD Labs/DSD-Labs-Fall-2024/Lab5/simulation/qsim/" lab05_pb -c lab05_pb
quartus_eda --gen_testbench --tool=modelsim_oem --format=verilog --write_settings_files=off lab05_pb -c lab05_pb --vector_source="C:/Users/Prashanth/Desktop/DSD Labs/DSD-Labs-Fall-2024/Lab5/winWaveform.vwf" --testbench_file="C:/Users/Prashanth/Desktop/DSD Labs/DSD-Labs-Fall-2024/Lab5/simulation/qsim/winWaveform.vwf.vt"
quartus_eda --write_settings_files=off --simulation=on --functional=on --flatten_buses=off --tool=modelsim_oem --format=verilog --output_directory="C:/Users/Prashanth/Desktop/DSD Labs/DSD-Labs-Fall-2024/Lab5/simulation/qsim/" lab05_pb -c lab05_pb
quartus_eda --gen_testbench --tool=modelsim_oem --format=verilog --write_settings_files=off lab05_pb -c lab05_pb --vector_source="C:/Users/Prashanth/Desktop/DSD Labs/DSD-Labs-Fall-2024/Lab5/loseWaveform.vwf" --testbench_file="C:/Users/Prashanth/Desktop/DSD Labs/DSD-Labs-Fall-2024/Lab5/simulation/qsim/loseWaveform.vwf.vt"
quartus_eda --write_settings_files=off --simulation=on --functional=on --flatten_buses=off --tool=modelsim_oem --format=verilog --output_directory="C:/Users/Prashanth/Desktop/DSD Labs/DSD-Labs-Fall-2024/Lab5/simulation/qsim/" lab05_pb -c lab05_pb



